<?xml version="1.0" encoding="UTF-8"?>
<!-- Generated by org.testng.reporters.JUnitXMLReporter -->
<testsuite ignored="2" hostname="DESKTOP-0AAQTU0" failures="0" tests="1" name="Default test" time="48.933" errors="0" timestamp="17 Sep. 2022 02:19:36 GMT">
  <testcase classname="testcases.SimplilearnLoginTest" name="Test3" time="27.167"/>
  <testcase classname="testcases.SimplilearnLoginTest" name="Test2" time="0.0">
    <ignored/>
  </testcase> <!-- Test2 -->
  <testcase classname="testcases.SimplilearnLoginTest" name="Test1" time="0.0">
    <ignored/>
  </testcase> <!-- Test1 -->
</testsuite> <!-- Default test -->
