<?xml version="1.0" encoding="UTF-8"?>
<!-- Generated by org.testng.reporters.JUnitXMLReporter -->
<testsuite ignored="2" hostname="DESKTOP-0AAQTU0" failures="1" tests="2" name="Test" time="8.637" errors="0" timestamp="2022-09-11T01:27:49 EDT">
  <testcase classname="testcases.HomeTest" name="Test1" time="0.003"/>
  <testcase classname="testcases.SimplilearnLoginTest" name="Test3" time="0.002">
    <failure type="java.lang.NullPointerException" message="Cannot invoke &amp;quot;org.apache.poi.xssf.usermodel.XSSFSheet.getRow(int)&amp;quot; because &amp;quot;this.sheet&amp;quot; is null">
      <![CDATA[java.lang.NullPointerException: Cannot invoke "org.apache.poi.xssf.usermodel.XSSFSheet.getRow(int)" because "this.sheet" is null
at testcases.SimplilearnLoginTest.Test3(SimplilearnLoginTest.java:45)
at java.base/java.util.ArrayList.forEach(ArrayList.java:1511)
... Removed 27 stack frames]]>
    </failure>
  </testcase> <!-- Test3 -->
  <testcase classname="testcases.BaseClass" name="@BeforeTest dataSetup" time="0.0">
    <ignored/>
  </testcase> <!-- @BeforeTest dataSetup -->
  <testcase classname="testcases.BaseClass" name="@AfterTest dataClean" time="0.0">
    <ignored/>
  </testcase> <!-- @AfterTest dataClean -->
</testsuite> <!-- Test -->
