<?xml version="1.0" encoding="UTF-8"?>
<!-- Generated by org.testng.reporters.JUnitXMLReporter -->
<testsuite ignored="0" hostname="DESKTOP-0AAQTU0" failures="0" tests="3" name="Test" time="22.515" errors="0" timestamp="24 Sep. 2022 04:14:53 GMT">
  <testcase classname="testcases.SimplilearnLoginTest" name="Test1" time="6.461"/>
  <testcase classname="testcases.SimplilearnLoginTest" name="Test2" time="4.191"/>
  <testcase classname="testcases.SimplilearnLoginTest" name="Test3" time="3.994"/>
</testsuite> <!-- Test -->
