<?xml version="1.0" encoding="UTF-8"?>
<testng-results ignored="0" total="2" passed="2" failed="0" skipped="0">
  <reporter-output>
  </reporter-output>
  <suite started-at="2022-09-10T23:32:31 EDT" name="Suite" finished-at="2022-09-10T23:32:42 EDT" duration-ms="10715">
    <groups>
    </groups>
    <test started-at="2022-09-10T23:32:31 EDT" name="Test" finished-at="2022-09-10T23:32:42 EDT" duration-ms="10715">
      <class name="testcases.SimplilearnLoginTest">
        <test-method is-config="true" signature="SetUp()[pri:0, instance:testcases.SimplilearnLoginTest@75329a49]" started-at="2022-09-10T23:32:32 EDT" name="SetUp" finished-at="2022-09-10T23:32:33 EDT" duration-ms="1939" status="PASS">
          <reporter-output>
          </reporter-output>
        </test-method> <!-- SetUp -->
        <test-method signature="Test1()[pri:0, instance:testcases.SimplilearnLoginTest@75329a49]" started-at="2022-09-10T23:32:33 EDT" name="Test1" finished-at="2022-09-10T23:32:36 EDT" duration-ms="2629" status="PASS">
          <reporter-output>
          </reporter-output>
        </test-method> <!-- Test1 -->
        <test-method is-config="true" signature="TearDown()[pri:0, instance:testcases.SimplilearnLoginTest@75329a49]" started-at="2022-09-10T23:32:36 EDT" name="TearDown" finished-at="2022-09-10T23:32:38 EDT" duration-ms="2409" status="PASS">
          <reporter-output>
          </reporter-output>
        </test-method> <!-- TearDown -->
        <test-method is-config="true" signature="SetUp()[pri:0, instance:testcases.SimplilearnLoginTest@75329a49]" started-at="2022-09-10T23:32:38 EDT" name="SetUp" finished-at="2022-09-10T23:32:40 EDT" duration-ms="1302" status="PASS">
          <reporter-output>
          </reporter-output>
        </test-method> <!-- SetUp -->
        <test-method signature="Test2()[pri:0, instance:testcases.SimplilearnLoginTest@75329a49]" started-at="2022-09-10T23:32:40 EDT" name="Test2" finished-at="2022-09-10T23:32:40 EDT" duration-ms="0" status="PASS">
          <reporter-output>
          </reporter-output>
        </test-method> <!-- Test2 -->
        <test-method is-config="true" signature="TearDown()[pri:0, instance:testcases.SimplilearnLoginTest@75329a49]" started-at="2022-09-10T23:32:40 EDT" name="TearDown" finished-at="2022-09-10T23:32:42 EDT" duration-ms="2413" status="PASS">
          <reporter-output>
          </reporter-output>
        </test-method> <!-- TearDown -->
      </class> <!-- testcases.SimplilearnLoginTest -->
    </test> <!-- Test -->
  </suite> <!-- Suite -->
</testng-results>
