<?xml version="1.0" encoding="UTF-8"?>
<testsuite xmlns:xsi="http://www.w3.org/2001/XMLSchema-instance" xsi:noNamespaceSchemaLocation="https://maven.apache.org/surefire/maven-surefire-plugin/xsd/surefire-test-report-3.0.xsd" version="3.0" name="TestSuite" time="2.744" tests="9" errors="0" skipped="8" failures="1">
  <properties>
[...]
</properties>
  <testcase name="SetUp[public void testcases.SimplilearnLoginTest.Test1()](0)" classname="testcases.SimplilearnLoginTest" time="2.382">
    <failure message="session not created: This version of ChromeDriver only supports Chrome version 105&#10;Current browser version is 111.0.5563.65 with binary path C:\Program Files\Google\Chrome\Application\chrome.exe&#10;Build info: version: &apos;3.141.59&apos;, revision: &apos;e82be7d358&apos;, time: &apos;2018-11-14T08:17:03&apos;&#10;System info: host: &apos;DESKTOP-0AAQTU0&apos;, ip: &apos;192.168.2.18&apos;, os.name: &apos;Windows 10&apos;, os.arch: &apos;amd64&apos;, os.version: &apos;10.0&apos;, java.version: &apos;11.0.17&apos;&#10;Driver info: driver.version: ChromeDriver&#10;remote stacktrace: Backtrace:&#10;	Ordinal0 [0x0053DF13+2219795]&#10;	Ordinal0 [0x004D2841+1779777]&#10;	Ordinal0 [0x003E423D+803389]&#10;	Ordinal0 [0x004064AC+943276]&#10;	Ordinal0 [0x004019F0+924144]&#10;	Ordinal0 [0x003FF179+913785]&#10;	Ordinal0 [0x004336B9+1128121]&#10;	Ordinal0 [0x0043331A+1127194]&#10;	Ordinal0 [0x0042E616+1107478]&#10;	Ordinal0 [0x00407F89+950153]&#10;	Ordinal0 [0x00408F56+954198]&#10;	GetHandleVerifier [0x00832CB2+3040210]&#10;	GetHandleVerifier [0x00822BB4+2974420]&#10;	GetHandleVerifier [0x005D6A0A+565546]&#10;	GetHandleVerifier [0x005D5680+560544]&#10;	Ordinal0 [0x004D9A5C+1808988]&#10;	Ordinal0 [0x004DE3A8+1827752]&#10;	Ordinal0 [0x004DE495+1827989]&#10;	Ordinal0 [0x004E80A4+1867940]&#10;	BaseThreadInitThunk [0x768000F9+25]&#10;	RtlGetAppContainerNamedObjectPath [0x77D87BBE+286]&#10;	RtlGetAppContainerNamedObjectPath [0x77D87B8E+238]&#10;" type="org.openqa.selenium.SessionNotCreatedException"><![CDATA[org.openqa.selenium.SessionNotCreatedException: 
session not created: This version of ChromeDriver only supports Chrome version 105
Current browser version is 111.0.5563.65 with binary path C:\Program Files\Google\Chrome\Application\chrome.exe
Build info: version: '3.141.59', revision: 'e82be7d358', time: '2018-11-14T08:17:03'
System info: host: 'DESKTOP-0AAQTU0', ip: '192.168.2.18', os.name: 'Windows 10', os.arch: 'amd64', os.version: '10.0', java.version: '11.0.17'
Driver info: driver.version: ChromeDriver
remote stacktrace: Backtrace:
	Ordinal0 [0x0053DF13+2219795]
	Ordinal0 [0x004D2841+1779777]
	Ordinal0 [0x003E423D+803389]
	Ordinal0 [0x004064AC+943276]
	Ordinal0 [0x004019F0+924144]
	Ordinal0 [0x003FF179+913785]
	Ordinal0 [0x004336B9+1128121]
	Ordinal0 [0x0043331A+1127194]
	Ordinal0 [0x0042E616+1107478]
	Ordinal0 [0x00407F89+950153]
	Ordinal0 [0x00408F56+954198]
	GetHandleVerifier [0x00832CB2+3040210]
	GetHandleVerifier [0x00822BB4+2974420]
	GetHandleVerifier [0x005D6A0A+565546]
	GetHandleVerifier [0x005D5680+560544]
	Ordinal0 [0x004D9A5C+1808988]
	Ordinal0 [0x004DE3A8+1827752]
	Ordinal0 [0x004DE495+1827989]
	Ordinal0 [0x004E80A4+1867940]
	BaseThreadInitThunk [0x768000F9+25]
	RtlGetAppContainerNamedObjectPath [0x77D87BBE+286]
	RtlGetAppContainerNamedObjectPath [0x77D87B8E+238]

]]></failure>
    <system-out><![CDATA[[TestNGContentHandler] [WARN] It is strongly recommended to add "<!DOCTYPE suite SYSTEM "http://testng.org/testng-1.0.dtd" >" at the top of your file, otherwise TestNG may fail or not work as expected.
Inside Before Test
]]></system-out>
    <system-err><![CDATA[Starting ChromeDriver 105.0.5195.52 (412c95e518836d8a7d97250d62b29c2ae6a26a85-refs/branch-heads/5195@{#853}) on port 24258
Only local connections are allowed.
Please see https://chromedriver.chromium.org/security-considerations for suggestions on keeping ChromeDriver safe.
ChromeDriver was started successfully.
]]></system-err>
  </testcase>
  <testcase name="Test1" classname="testcases.SimplilearnLoginTest" time="0">
    <skipped message="session not created: This version of ChromeDriver only supports Chrome version 105&#10;Current browser version is 111.0.5563.65 with binary path C:\Program Files\Google\Chrome\Application\chrome.exe&#10;Build info: version: &apos;3.141.59&apos;, revision: &apos;e82be7d358&apos;, time: &apos;2018-11-14T08:17:03&apos;&#10;System info: host: &apos;DESKTOP-0AAQTU0&apos;, ip: &apos;192.168.2.18&apos;, os.name: &apos;Windows 10&apos;, os.arch: &apos;amd64&apos;, os.version: &apos;10.0&apos;, java.version: &apos;11.0.17&apos;&#10;Driver info: driver.version: ChromeDriver&#10;remote stacktrace: Backtrace:&#10;	Ordinal0 [0x0053DF13+2219795]&#10;	Ordinal0 [0x004D2841+1779777]&#10;	Ordinal0 [0x003E423D+803389]&#10;	Ordinal0 [0x004064AC+943276]&#10;	Ordinal0 [0x004019F0+924144]&#10;	Ordinal0 [0x003FF179+913785]&#10;	Ordinal0 [0x004336B9+1128121]&#10;	Ordinal0 [0x0043331A+1127194]&#10;	Ordinal0 [0x0042E616+1107478]&#10;	Ordinal0 [0x00407F89+950153]&#10;	Ordinal0 [0x00408F56+954198]&#10;	GetHandleVerifier [0x00832CB2+3040210]&#10;	GetHandleVerifier [0x00822BB4+2974420]&#10;	GetHandleVerifier [0x005D6A0A+565546]&#10;	GetHandleVerifier [0x005D5680+560544]&#10;	Ordinal0 [0x004D9A5C+1808988]&#10;	Ordinal0 [0x004DE3A8+1827752]&#10;	Ordinal0 [0x004DE495+1827989]&#10;	Ordinal0 [0x004E80A4+1867940]&#10;	BaseThreadInitThunk [0x768000F9+25]&#10;	RtlGetAppContainerNamedObjectPath [0x77D87BBE+286]&#10;	RtlGetAppContainerNamedObjectPath [0x77D87B8E+238]&#10;"/>
  </testcase>
  <testcase name="TearDown" classname="testcases.SimplilearnLoginTest" time="0">
    <skipped/>
  </testcase>
  <testcase name="TearDown" classname="testcases.SimplilearnLoginTest" time="0">
    <skipped/>
  </testcase>
  <testcase name="TearDown" classname="testcases.SimplilearnLoginTest" time="0">
    <skipped/>
  </testcase>
  <testcase name="SetUp" classname="testcases.SimplilearnLoginTest" time="0">
    <skipped/>
  </testcase>
  <testcase name="SetUp" classname="testcases.SimplilearnLoginTest" time="0">
    <skipped/>
  </testcase>
  <testcase name="Test2" classname="testcases.SimplilearnLoginTest" time="0">
    <skipped message="session not created: This version of ChromeDriver only supports Chrome version 105&#10;Current browser version is 111.0.5563.65 with binary path C:\Program Files\Google\Chrome\Application\chrome.exe&#10;Build info: version: &apos;3.141.59&apos;, revision: &apos;e82be7d358&apos;, time: &apos;2018-11-14T08:17:03&apos;&#10;System info: host: &apos;DESKTOP-0AAQTU0&apos;, ip: &apos;192.168.2.18&apos;, os.name: &apos;Windows 10&apos;, os.arch: &apos;amd64&apos;, os.version: &apos;10.0&apos;, java.version: &apos;11.0.17&apos;&#10;Driver info: driver.version: ChromeDriver&#10;remote stacktrace: Backtrace:&#10;	Ordinal0 [0x0053DF13+2219795]&#10;	Ordinal0 [0x004D2841+1779777]&#10;	Ordinal0 [0x003E423D+803389]&#10;	Ordinal0 [0x004064AC+943276]&#10;	Ordinal0 [0x004019F0+924144]&#10;	Ordinal0 [0x003FF179+913785]&#10;	Ordinal0 [0x004336B9+1128121]&#10;	Ordinal0 [0x0043331A+1127194]&#10;	Ordinal0 [0x0042E616+1107478]&#10;	Ordinal0 [0x00407F89+950153]&#10;	Ordinal0 [0x00408F56+954198]&#10;	GetHandleVerifier [0x00832CB2+3040210]&#10;	GetHandleVerifier [0x00822BB4+2974420]&#10;	GetHandleVerifier [0x005D6A0A+565546]&#10;	GetHandleVerifier [0x005D5680+560544]&#10;	Ordinal0 [0x004D9A5C+1808988]&#10;	Ordinal0 [0x004DE3A8+1827752]&#10;	Ordinal0 [0x004DE495+1827989]&#10;	Ordinal0 [0x004E80A4+1867940]&#10;	BaseThreadInitThunk [0x768000F9+25]&#10;	RtlGetAppContainerNamedObjectPath [0x77D87BBE+286]&#10;	RtlGetAppContainerNamedObjectPath [0x77D87B8E+238]&#10;"/>
  </testcase>
  <testcase name="Test3" classname="testcases.SimplilearnLoginTest" time="0">
    <skipped message="session not created: This version of ChromeDriver only supports Chrome version 105&#10;Current browser version is 111.0.5563.65 with binary path C:\Program Files\Google\Chrome\Application\chrome.exe&#10;Build info: version: &apos;3.141.59&apos;, revision: &apos;e82be7d358&apos;, time: &apos;2018-11-14T08:17:03&apos;&#10;System info: host: &apos;DESKTOP-0AAQTU0&apos;, ip: &apos;192.168.2.18&apos;, os.name: &apos;Windows 10&apos;, os.arch: &apos;amd64&apos;, os.version: &apos;10.0&apos;, java.version: &apos;11.0.17&apos;&#10;Driver info: driver.version: ChromeDriver&#10;remote stacktrace: Backtrace:&#10;	Ordinal0 [0x0053DF13+2219795]&#10;	Ordinal0 [0x004D2841+1779777]&#10;	Ordinal0 [0x003E423D+803389]&#10;	Ordinal0 [0x004064AC+943276]&#10;	Ordinal0 [0x004019F0+924144]&#10;	Ordinal0 [0x003FF179+913785]&#10;	Ordinal0 [0x004336B9+1128121]&#10;	Ordinal0 [0x0043331A+1127194]&#10;	Ordinal0 [0x0042E616+1107478]&#10;	Ordinal0 [0x00407F89+950153]&#10;	Ordinal0 [0x00408F56+954198]&#10;	GetHandleVerifier [0x00832CB2+3040210]&#10;	GetHandleVerifier [0x00822BB4+2974420]&#10;	GetHandleVerifier [0x005D6A0A+565546]&#10;	GetHandleVerifier [0x005D5680+560544]&#10;	Ordinal0 [0x004D9A5C+1808988]&#10;	Ordinal0 [0x004DE3A8+1827752]&#10;	Ordinal0 [0x004DE495+1827989]&#10;	Ordinal0 [0x004E80A4+1867940]&#10;	BaseThreadInitThunk [0x768000F9+25]&#10;	RtlGetAppContainerNamedObjectPath [0x77D87BBE+286]&#10;	RtlGetAppContainerNamedObjectPath [0x77D87B8E+238]&#10;"/>
  </testcase>
</testsuite>