<?xml version="1.0" encoding="UTF-8"?>
<testng-results ignored="0" total="3" passed="3" failed="0" skipped="0">
  <reporter-output>
  </reporter-output>
  <suite started-at="2022-09-17T04:55:33Z" name="Suite" finished-at="2022-09-17T04:56:05Z" duration-ms="31934">
    <groups>
    </groups>
    <test started-at="2022-09-17T04:55:33Z" name="Test" finished-at="2022-09-17T04:56:05Z" duration-ms="31934">
      <class name="testcases.SimplilearnLoginTest">
        <test-method is-config="true" signature="dataSetup()[pri:0, instance:testcases.SimplilearnLoginTest@20f5281c]" started-at="2022-09-17T04:55:33Z" name="dataSetup" finished-at="2022-09-17T04:55:34Z" duration-ms="364" status="PASS">
          <reporter-output>
          </reporter-output>
        </test-method> <!-- dataSetup -->
        <test-method is-config="true" signature="SetUp(java.lang.reflect.Method)[pri:0, instance:testcases.SimplilearnLoginTest@20f5281c]" started-at="2022-09-17T04:55:34Z" name="SetUp" finished-at="2022-09-17T04:55:36Z" duration-ms="2364" status="PASS">
          <params>
            <param index="0">
              <value>
                <![CDATA[public void testcases.SimplilearnLoginTest.Test1()]]>
              </value>
            </param>
          </params>
          <reporter-output>
          </reporter-output>
        </test-method> <!-- SetUp -->
        <test-method signature="Test1()[pri:0, instance:testcases.SimplilearnLoginTest@20f5281c]" started-at="2022-09-17T04:55:36Z" name="Test1" finished-at="2022-09-17T04:55:46Z" duration-ms="9767" status="PASS">
          <reporter-output>
          </reporter-output>
        </test-method> <!-- Test1 -->
        <test-method is-config="true" signature="TearDown()[pri:0, instance:testcases.SimplilearnLoginTest@20f5281c]" started-at="2022-09-17T04:55:46Z" name="TearDown" finished-at="2022-09-17T04:55:48Z" duration-ms="2444" status="PASS">
          <reporter-output>
          </reporter-output>
        </test-method> <!-- TearDown -->
        <test-method is-config="true" signature="SetUp(java.lang.reflect.Method)[pri:0, instance:testcases.SimplilearnLoginTest@20f5281c]" started-at="2022-09-17T04:55:48Z" name="SetUp" finished-at="2022-09-17T04:55:50Z" duration-ms="1518" status="PASS">
          <params>
            <param index="0">
              <value>
                <![CDATA[public void testcases.SimplilearnLoginTest.Test2(java.lang.String,java.lang.String)]]>
              </value>
            </param>
          </params>
          <reporter-output>
          </reporter-output>
        </test-method> <!-- SetUp -->
        <test-method signature="Test2(java.lang.String, java.lang.String)[pri:0, instance:testcases.SimplilearnLoginTest@20f5281c]" started-at="2022-09-17T04:55:50Z" name="Test2" finished-at="2022-09-17T04:55:53Z" duration-ms="3531" status="PASS">
          <params>
            <param index="0">
              <value>
                <![CDATA[kkk@xyz.com]]>
              </value>
            </param>
            <param index="1">
              <value>
                <![CDATA[Abc@1234]]>
              </value>
            </param>
          </params>
          <reporter-output>
          </reporter-output>
        </test-method> <!-- Test2 -->
        <test-method is-config="true" signature="TearDown()[pri:0, instance:testcases.SimplilearnLoginTest@20f5281c]" started-at="2022-09-17T04:55:53Z" name="TearDown" finished-at="2022-09-17T04:55:56Z" duration-ms="2405" status="PASS">
          <reporter-output>
          </reporter-output>
        </test-method> <!-- TearDown -->
        <test-method is-config="true" signature="SetUp(java.lang.reflect.Method)[pri:0, instance:testcases.SimplilearnLoginTest@20f5281c]" started-at="2022-09-17T04:55:56Z" name="SetUp" finished-at="2022-09-17T04:55:58Z" duration-ms="1914" status="PASS">
          <params>
            <param index="0">
              <value>
                <![CDATA[public void testcases.SimplilearnLoginTest.Test3()]]>
              </value>
            </param>
          </params>
          <reporter-output>
          </reporter-output>
        </test-method> <!-- SetUp -->
        <test-method signature="Test3()[pri:0, instance:testcases.SimplilearnLoginTest@20f5281c]" started-at="2022-09-17T04:55:58Z" name="Test3" finished-at="2022-09-17T04:56:03Z" duration-ms="5069" status="PASS">
          <reporter-output>
          </reporter-output>
        </test-method> <!-- Test3 -->
        <test-method is-config="true" signature="TearDown()[pri:0, instance:testcases.SimplilearnLoginTest@20f5281c]" started-at="2022-09-17T04:56:03Z" name="TearDown" finished-at="2022-09-17T04:56:05Z" duration-ms="2422" status="PASS">
          <reporter-output>
          </reporter-output>
        </test-method> <!-- TearDown -->
        <test-method is-config="true" signature="dataClean()[pri:0, instance:testcases.SimplilearnLoginTest@20f5281c]" started-at="2022-09-17T04:56:05Z" name="dataClean" finished-at="2022-09-17T04:56:05Z" duration-ms="126" status="PASS">
          <reporter-output>
          </reporter-output>
        </test-method> <!-- dataClean -->
      </class> <!-- testcases.SimplilearnLoginTest -->
    </test> <!-- Test -->
  </suite> <!-- Suite -->
</testng-results>
